2025-03-10 12:45:40.404064: Logging Start - James.Trimble
2025-03-10 12:45:40.404336: Checking for files in C:/Python/Workspace/xmlorderimport
2025-03-10 12:45:40.404749: 1 files found
2025-03-10 12:45:40.404775: Importing MPSS839 SwanseaTLA.csv
2025-03-10 12:45:40.418759: Error checking on MPSS839 SwanseaTLA.csv
2025-03-10 12:45:40.418832: Concatenating 2 Address Columns
2025-03-10 12:45:40.419966: Concatenating 2 DELADDRESS Columns
TESTING delchg =0
TESTING delchg =0
TESTING delchg =0
TESTING delchg =0
TESTING delchg =0
TESTING delchg =0
TESTING delchg =0
2025-03-10 12:45:40.432271: No errors found, checking for orders
2025-03-10 12:45:40.433118: 1 orders found in MPSS839 SwanseaTLA.csv
2025-03-10 12:45:40.435281: Creating xml for order MPSS839 in folder C:/Python/Workspace/xmlorderimport/ORD/IN
2025-03-10 12:45:40.455671: Moving MPSS839 SwanseaTLA.csv to archive
2025-03-10 12:45:40.459077: XML creation completed
2025-03-10 12:45:40.459123: No client specified, skipping webimport export
2025-03-10 12:45:40.459132: All tasks complete, closing
 1 arguments: ['C:\\Python\\Workspace\\xmlorderimport\\main.py']
