2025-03-10 12:28:45.083758: Logging Start - James.Trimble
2025-03-10 12:28:45.083985: Checking for files in C:/Python/Workspace/xmlorderimport
2025-03-10 12:28:45.084481: 1 files found
2025-03-10 12:28:45.084491: Importing MPSS839 SwanseaTLA.csv
2025-03-10 12:28:45.102942: Error checking on MPSS839 SwanseaTLA.csv
2025-03-10 12:28:45.103023: Concatenating 2 Address Columns
2025-03-10 12:28:45.104562: Concatenating 2 DELADDRESS Columns
TESTING delchg =0
TESTING delchg =0
TESTING delchg =0
TESTING delchg =0
TESTING delchg =0
TESTING delchg =0
TESTING delchg =0
2025-03-10 12:28:45.118911: No errors found, checking for orders
2025-03-10 12:28:45.119854: 1 orders found in MPSS839 SwanseaTLA.csv
2025-03-10 12:28:45.121728: Creating xml for order MPSS839 in folder C:/Python/Workspace/xmlorderimport/ORD/IN
2025-03-10 12:28:45.140182: Moving MPSS839 SwanseaTLA.csv to archive
2025-03-10 12:28:45.141662: XML creation completed
2025-03-10 12:28:45.141697: No client specified, skipping webimport export
2025-03-10 12:28:45.141704: All tasks complete, closing
 1 arguments: ['C:\\Python\\Workspace\\xmlorderimport\\main.py']
